<?xml version="1.0" encoding="UTF-8"?>
<!-- Generated by org.testng.reporters.JUnitXMLReporter -->
<testsuite hostname="Libi" ignored="0" name="BeforeAfter2" tests="6" failures="0" timestamp="29 Apr 2018 00:28:41 GMT" time="394.536" errors="0">
  <testcase name="@AfterMethod goBackToHomepage" time="300.148" classname="TestNG.Assertinon">
    <failure type="org.openqa.selenium.TimeoutException" message="Timeout loading page after 300000ms
Build info: version: &amp;apos;3.8.1&amp;apos;, revision: &amp;apos;6e95a6684b&amp;apos;, time: &amp;apos;2017-12-01T19:05:14.666Z&amp;apos;
System info: host: &amp;apos;LIBI&amp;apos;, ip: &amp;apos;192.168.1.5&amp;apos;, os.name: &amp;apos;Windows 10&amp;apos;, os.arch: &amp;apos;amd64&amp;apos;, os.version: &amp;apos;10.0&amp;apos;, java.version: &amp;apos;1.8.0_77&amp;apos;
Driver info: org.openqa.selenium.firefox.FirefoxDriver
Capabilities {acceptInsecureCerts: true, browserName: firefox, browserVersion: 59.0.2, javascriptEnabled: true, moz:accessibilityChecks: false, moz:headless: false, moz:processID: 10796, moz:profile: C:\Users\molla\AppData\Loca..., moz:useNonSpecCompliantPointerOrigin: false, moz:webdriverClick: true, pageLoadStrategy: normal, platform: XP, platformName: XP, platformVersion: 10.0, rotatable: false, timeouts: {implicit: 0, pageLoad: 300000, script: 30000}}
Session ID: 0b73344c-b611-4e68-8764-3fda3765ae3f">
      <![CDATA[org.openqa.selenium.TimeoutException: Timeout loading page after 300000ms
Build info: version: '3.8.1', revision: '6e95a6684b', time: '2017-12-01T19:05:14.666Z'
System info: host: 'LIBI', ip: '192.168.1.5', os.name: 'Windows 10', os.arch: 'amd64', os.version: '10.0', java.version: '1.8.0_77'
Driver info: org.openqa.selenium.firefox.FirefoxDriver
Capabilities {acceptInsecureCerts: true, browserName: firefox, browserVersion: 59.0.2, javascriptEnabled: true, moz:accessibilityChecks: false, moz:headless: false, moz:processID: 10796, moz:profile: C:\Users\molla\AppData\Loca..., moz:useNonSpecCompliantPointerOrigin: false, moz:webdriverClick: true, pageLoadStrategy: normal, platform: XP, platformName: XP, platformVersion: 10.0, rotatable: false, timeouts: {implicit: 0, pageLoad: 300000, script: 30000}}
Session ID: 0b73344c-b611-4e68-8764-3fda3765ae3f
at org.openqa.selenium.remote.http.W3CHttpResponseCodec.createException(W3CHttpResponseCodec.java:187)
at org.openqa.selenium.remote.http.W3CHttpResponseCodec.decode(W3CHttpResponseCodec.java:122)
at org.openqa.selenium.remote.http.W3CHttpResponseCodec.decode(W3CHttpResponseCodec.java:49)
at org.openqa.selenium.remote.HttpCommandExecutor.execute(HttpCommandExecutor.java:164)
at org.openqa.selenium.remote.service.DriverCommandExecutor.execute(DriverCommandExecutor.java:83)
at org.openqa.selenium.remote.RemoteWebDriver.execute(RemoteWebDriver.java:601)
at org.openqa.selenium.remote.RemoteWebDriver.execute(RemoteWebDriver.java:658)
at org.openqa.selenium.remote.RemoteWebDriver$RemoteNavigation.back(RemoteWebDriver.java:904)
at TestNG.Assertinon.goBackToHomepage(Assertinon.java:52)
... Removed 32 stack frames]]>
    </failure>
  </testcase> <!-- @AfterMethod goBackToHomepage -->
  <testcase name="@BeforeMethod verifyHomepageTitle" time="0.0" classname="TestNG.Assertinon">
    <skipped/>
  </testcase> <!-- @BeforeMethod verifyHomepageTitle -->
  <testcase name="@AfterMethod goBackToHomepage" time="0.0" classname="TestNG.Assertinon">
    <skipped/>
  </testcase> <!-- @AfterMethod goBackToHomepage -->
  <testcase name="@BeforeMethod verifyHomepageTitle" time="0.0" classname="TestNG.Assertinon">
    <skipped/>
  </testcase> <!-- @BeforeMethod verifyHomepageTitle -->
  <testcase name="@AfterMethod goBackToHomepage" time="0.0" classname="TestNG.Assertinon">
    <skipped/>
  </testcase> <!-- @AfterMethod goBackToHomepage -->
  <testcase name="@AfterTest aftertest" time="0.0" classname="TestNG.Assertinon">
    <skipped/>
  </testcase> <!-- @AfterTest aftertest -->
  <testcase name="@AfterTest aftertest" time="0.0" classname="TestNG.BeforeAfter2">
    <skipped/>
  </testcase> <!-- @AfterTest aftertest -->
  <testcase name="forgot" time="4.298" classname="TestNG.BeforeAfter2"/>
  <testcase name="link" time="4.601" classname="TestNG.BeforeAfter2"/>
  <testcase name="login" time="7.174" classname="TestNG.BeforeAfter2"/>
  <testcase name="assert_function" time="0.002" classname="TestNG.Assertinon">
    <skipped/>
  </testcase> <!-- assert_function -->
  <testcase name="forgot" time="0.0" classname="TestNG.Assertinon">
    <skipped/>
  </testcase> <!-- forgot -->
  <testcase name="login" time="0.0" classname="TestNG.Assertinon">
    <skipped/>
  </testcase> <!-- login -->
</testsuite> <!-- BeforeAfter2 -->
